#-----------------------------------------------------------
# Vivado v2019.2 (64-bit)
# SW Build 2708876 on Wed Nov  6 21:40:23 MST 2019
# IP Build 2700528 on Thu Nov  7 00:09:20 MST 2019
# Start of session at: Wed Feb 24 10:22:15 2021
# Process ID: 4368
# Current directory: D:/Users/Documents/Studies/Enseirb/S8/Conception_Processeur/Processeur_8bits/pgcd
# Command line: vivado.exe -gui_launcher_event rodinguilauncherevent16924 D:\Users\Documents\Studies\Enseirb\S8\Conception_Processeur\Processeur_8bits\pgcd\pgcd.xpr
# Log file: D:/Users/Documents/Studies/Enseirb/S8/Conception_Processeur/Processeur_8bits/pgcd/vivado.log
# Journal file: D:/Users/Documents/Studies/Enseirb/S8/Conception_Processeur/Processeur_8bits/pgcd\vivado.jou
#-----------------------------------------------------------
start_gui
open_project D:/Users/Documents/Studies/Enseirb/S8/Conception_Processeur/Processeur_8bits/pgcd/pgcd.xpr
INFO: [ProjectBase 1-489] The host OS only allows 260 characters in a normal path. The project is stored in a path with more than 80 characters. If you experience issues with IP, Block Designs, or files not being found, please consider moving the project to a location with a shorter path. Alternately consider using the OS subst command to map part of the path to a drive letter.
Current project path is 'D:/Users/Documents/Studies/Enseirb/S8/Conception_Processeur/Processeur_8bits/pgcd'
Scanning sources...
Finished scanning sources
INFO: [IP_Flow 19-234] Refreshing IP repositories
INFO: [IP_Flow 19-1704] No user IP repositories specified
INFO: [IP_Flow 19-2313] Loaded Vivado IP repository 'D:/Vivado/2019.2/data/ip'.
update_compile_order -fileset sources_1
close [ open D:/Users/Documents/Studies/Enseirb/S8/Conception_Processeur/Processeur_8bits/pgcd/pgcd.srcs/sources_1/new/ual.vhd w ]
add_files D:/Users/Documents/Studies/Enseirb/S8/Conception_Processeur/Processeur_8bits/pgcd/pgcd.srcs/sources_1/new/ual.vhd
close [ open D:/Users/Documents/Studies/Enseirb/S8/Conception_Processeur/Processeur_8bits/pgcd/pgcd.srcs/sources_1/new/mux.vhd w ]
add_files D:/Users/Documents/Studies/Enseirb/S8/Conception_Processeur/Processeur_8bits/pgcd/pgcd.srcs/sources_1/new/mux.vhd
close [ open D:/Users/Documents/Studies/Enseirb/S8/Conception_Processeur/Processeur_8bits/pgcd/pgcd.srcs/sources_1/new/fsr.vhd w ]
add_files D:/Users/Documents/Studies/Enseirb/S8/Conception_Processeur/Processeur_8bits/pgcd/pgcd.srcs/sources_1/new/fsr.vhd
update_compile_order -fileset sources_1
file mkdir D:/Users/Documents/Studies/Enseirb/S8/Conception_Processeur/Processeur_8bits/pgcd/pgcd.srcs/sim_1/new
set_property SOURCE_SET sources_1 [get_filesets sim_1]
close [ open D:/Users/Documents/Studies/Enseirb/S8/Conception_Processeur/Processeur_8bits/pgcd/pgcd.srcs/sim_1/new/fsr_tb.vhd w ]
add_files -fileset sim_1 D:/Users/Documents/Studies/Enseirb/S8/Conception_Processeur/Processeur_8bits/pgcd/pgcd.srcs/sim_1/new/fsr_tb.vhd
close [ open D:/Users/Documents/Studies/Enseirb/S8/Conception_Processeur/Processeur_8bits/pgcd/pgcd.srcs/sim_1/new/bascule_tb.vhd w ]
add_files -fileset sim_1 D:/Users/Documents/Studies/Enseirb/S8/Conception_Processeur/Processeur_8bits/pgcd/pgcd.srcs/sim_1/new/bascule_tb.vhd
close [ open D:/Users/Documents/Studies/Enseirb/S8/Conception_Processeur/Processeur_8bits/pgcd/pgcd.srcs/sim_1/new/compteur_tb.vhd w ]
add_files -fileset sim_1 D:/Users/Documents/Studies/Enseirb/S8/Conception_Processeur/Processeur_8bits/pgcd/pgcd.srcs/sim_1/new/compteur_tb.vhd
close [ open D:/Users/Documents/Studies/Enseirb/S8/Conception_Processeur/Processeur_8bits/pgcd/pgcd.srcs/sim_1/new/mux_tb.vhd w ]
add_files -fileset sim_1 D:/Users/Documents/Studies/Enseirb/S8/Conception_Processeur/Processeur_8bits/pgcd/pgcd.srcs/sim_1/new/mux_tb.vhd
close [ open D:/Users/Documents/Studies/Enseirb/S8/Conception_Processeur/Processeur_8bits/pgcd/pgcd.srcs/sim_1/new/ual_tb.vhd w ]
add_files -fileset sim_1 D:/Users/Documents/Studies/Enseirb/S8/Conception_Processeur/Processeur_8bits/pgcd/pgcd.srcs/sim_1/new/ual_tb.vhd
close [ open D:/Users/Documents/Studies/Enseirb/S8/Conception_Processeur/Processeur_8bits/pgcd/pgcd.srcs/sim_1/new/memoire_tb.vhd w ]
add_files -fileset sim_1 D:/Users/Documents/Studies/Enseirb/S8/Conception_Processeur/Processeur_8bits/pgcd/pgcd.srcs/sim_1/new/memoire_tb.vhd
close [ open D:/Users/Documents/Studies/Enseirb/S8/Conception_Processeur/Processeur_8bits/pgcd/pgcd.srcs/sim_1/new/registre_tb.vhd w ]
add_files -fileset sim_1 D:/Users/Documents/Studies/Enseirb/S8/Conception_Processeur/Processeur_8bits/pgcd/pgcd.srcs/sim_1/new/registre_tb.vhd
update_compile_order -fileset sim_1
